[2026-03-12 15:52:15] ══════════════════════════════════════════════════════════════
[2026-03-12 15:52:15]   Gate.io BTC 实盘机器人 v10  [模拟模式]
[2026-03-12 15:52:15]   止盈3% | 止损2% | 5x | 仓位20%
[2026-03-12 15:52:15] ══════════════════════════════════════════════════════════════
[2026-03-12 15:52:15] 💰 账户余额: 500.00U | 起始: 500.00U
[2026-03-12 15:52:15] 📋 合约: BTC_USDT | 每张=0.0001BTC
[2026-03-12 15:52:15] 
⏳ 开始监控循环（每 60 秒检查一次 1h K线）...

[2026-03-12 15:52:15] 🔍 信号检测 | 价格:70000.00 | RSI:43.4 | EMA快:69936/慢:69946 | BB上:70848/下:69042 | 信号:SHORT
[2026-03-12 15:52:15] 🎯 开仓信号: SHORT | 入场:70000.00 | SL:71400 | TP:67900 | 71张
[2026-03-12 15:52:15]   [模拟] 下单 SHORT 71张
[2026-03-12 15:52:15] ✅ 下单成功 | 订单ID: DRY_RUN_1773330735376
[2026-03-12 15:52:42] ══════════════════════════════════════════════════════════════
[2026-03-12 15:52:42]   Gate.io BTC 实盘机器人 v10  [模拟模式]
[2026-03-12 15:52:42]   止盈3% | 止损2% | 5x | 仓位20%
[2026-03-12 15:52:42] ══════════════════════════════════════════════════════════════
[2026-03-12 15:52:42] 💰 账户余额: 500.00U | 起始: 500.00U
[2026-03-12 15:52:42] 📋 合约: BTC_USDT | 每张=0.0001BTC
[2026-03-12 15:52:42] 
⏳ 开始监控循环（每 60 秒检查一次 1h K线）...

[2026-03-12 15:52:42] ⚠️ 本地记录有持仓但交易所无仓位，清除本地状态
[2026-03-12 15:52:42] 🔍 信号检测 | 价格:70000.00 | RSI:43.4 | EMA快:69936/慢:69946 | BB上:70848/下:69042 | 信号:SHORT
[2026-03-12 15:52:42] 🎯 开仓信号: SHORT | 入场:70000.00 | SL:71400 | TP:67900 | 71张
[2026-03-12 15:52:42]   [模拟] 下单 SHORT 71张
[2026-03-12 15:52:42] ✅ 下单成功 | 订单ID: DRY_RUN_1773330762208
